Using pre-set license
Built from '2020.3/release' branch; Version is '2020.3.27f1 (e759542391ea) revision 15161684'; Using compiler version '192528614'; Build Type 'Release'
OS: 'Windows 10  (10.0.19044) 64bit CoreSingleLanguage' Language: 'en' Physical Memory: 15791 MB
BatchMode: 1, IsHumanControllingUs: 0, StartBugReporterOnCrash: 0, Is64bit: 1, IsPro: 0

COMMAND LINE ARGUMENTS:
E:\Program Files\Unity\2020.3.27f1\Editor\Unity.exe
-adb2
-batchMode
-noUpm
-name
AssetImportWorker0
-projectPath
D:/MAH_CODE/Mob_Prog/Game_Mobile/COMPFEST_git/COMPFEST/COMPFEST
-logFile
Logs/AssetImportWorker0.log
-srvPort
60056
Successfully changed project path to: D:/MAH_CODE/Mob_Prog/Game_Mobile/COMPFEST_git/COMPFEST/COMPFEST
D:/MAH_CODE/Mob_Prog/Game_Mobile/COMPFEST_git/COMPFEST/COMPFEST
Using Asset Import Pipeline V2.
Refreshing native plugins compatible for Editor in 142.90 ms, found 3 plugins.
Preloading 0 native plugins for Editor in 0.00 ms.
Initialize engine version: 2020.3.27f1 (e759542391ea)
[Subsystems] Discovering subsystems at path E:/Program Files/Unity/2020.3.27f1/Editor/Data/Resources/UnitySubsystems
[Subsystems] Discovering subsystems at path D:/MAH_CODE/Mob_Prog/Game_Mobile/COMPFEST_git/COMPFEST/COMPFEST/Assets
GfxDevice: creating device client; threaded=0
Direct3D:
    Version:  Direct3D 11.0 [level 11.1]
    Renderer: NVIDIA GeForce GTX 1650 (ID=0x1f99)
    Vendor:   
    VRAM:     3962 MB
    Driver:   30.0.15.1278
Initialize mono
Mono path[0] = 'E:/Program Files/Unity/2020.3.27f1/Editor/Data/Managed'
Mono path[1] = 'E:/Program Files/Unity/2020.3.27f1/Editor/Data/MonoBleedingEdge/lib/mono/unityjit'
Mono config path = 'E:/Program Files/Unity/2020.3.27f1/Editor/Data/MonoBleedingEdge/etc'
Using monoOptions --debugger-agent=transport=dt_socket,embedding=1,server=y,suspend=n,address=127.0.0.1:56556
Begin MonoManager ReloadAssembly
Registering precompiled unity dll's ...
Register platform support module: E:/Program Files/Unity/2020.3.27f1/Editor/Data/PlaybackEngines/WebGLSupport/UnityEditor.WebGL.Extensions.dll
Register platform support module: E:/Program Files/Unity/2020.3.27f1/Editor/Data/PlaybackEngines/WindowsStandaloneSupport/UnityEditor.WindowsStandalone.Extensions.dll
Registered in 0.001424 seconds.
Native extension for WindowsStandalone target not found
Native extension for WebGL target not found
Refreshing native plugins compatible for Editor in 147.15 ms, found 3 plugins.
Preloading 0 native plugins for Editor in 0.00 ms.
Mono: successfully reloaded assembly
- Completed reload, in  0.796 seconds
Domain Reload Profiling:
	ReloadAssembly (797ms)
		BeginReloadAssembly (72ms)
			ExecutionOrderSort (0ms)
			DisableScriptedObjects (0ms)
			BackupInstance (0ms)
			ReleaseScriptingObjects (0ms)
			CreateAndSetChildDomain (1ms)
		EndReloadAssembly (643ms)
			LoadAssemblies (71ms)
			RebuildTransferFunctionScriptingTraits (0ms)
			SetupTypeCache (183ms)
			ReleaseScriptCaches (0ms)
			RebuildScriptCaches (39ms)
			SetupLoadedEditorAssemblies (307ms)
				LogAssemblyErrors (0ms)
				InitializePlatformSupportModulesInManaged (6ms)
				SetLoadedEditorAssemblies (0ms)
				RefreshPlugins (147ms)
				BeforeProcessingInitializeOnLoad (16ms)
				ProcessInitializeOnLoadAttributes (103ms)
				ProcessInitializeOnLoadMethodAttributes (35ms)
				AfterProcessingInitializeOnLoad (0ms)
				EditorAssembliesLoaded (0ms)
			ExecutionOrderSort2 (0ms)
			AwakeInstancesAfterBackupRestoration (0ms)
Platform modules already initialized, skipping
Registering precompiled user dll's ...
Registered in 0.004615 seconds.
Begin MonoManager ReloadAssembly
Native extension for WindowsStandalone target not found
Native extension for WebGL target not found
Refreshing native plugins compatible for Editor in 152.09 ms, found 3 plugins.
Preloading 0 native plugins for Editor in 0.00 ms.
Mono: successfully reloaded assembly
- Completed reload, in  1.509 seconds
Domain Reload Profiling:
	ReloadAssembly (1510ms)
		BeginReloadAssembly (176ms)
			ExecutionOrderSort (0ms)
			DisableScriptedObjects (5ms)
			BackupInstance (0ms)
			ReleaseScriptingObjects (0ms)
			CreateAndSetChildDomain (22ms)
		EndReloadAssembly (1265ms)
			LoadAssemblies (114ms)
			RebuildTransferFunctionScriptingTraits (0ms)
			SetupTypeCache (388ms)
			ReleaseScriptCaches (1ms)
			RebuildScriptCaches (62ms)
			SetupLoadedEditorAssemblies (568ms)
				LogAssemblyErrors (0ms)
				InitializePlatformSupportModulesInManaged (5ms)
				SetLoadedEditorAssemblies (0ms)
				RefreshPlugins (152ms)
				BeforeProcessingInitializeOnLoad (96ms)
				ProcessInitializeOnLoadAttributes (292ms)
				ProcessInitializeOnLoadMethodAttributes (20ms)
				AfterProcessingInitializeOnLoad (3ms)
				EditorAssembliesLoaded (0ms)
			ExecutionOrderSort2 (0ms)
			AwakeInstancesAfterBackupRestoration (8ms)
Platform modules already initialized, skipping
========================================================================
Worker process is ready to serve import requests
Launched and connected shader compiler UnityShaderCompiler.exe after 0.06 seconds
Refreshing native plugins compatible for Editor in 1.38 ms, found 3 plugins.
Preloading 0 native plugins for Editor in 0.00 ms.
Unloading 2548 Unused Serialized files (Serialized files now loaded: 0)
System memory in use before: 116.7 MB.
System memory in use after: 116.9 MB.

Unloading 31 unused Assets to reduce memory usage. Loaded Objects now: 2983.
Total: 4.182800 ms (FindLiveObjects: 0.256300 ms CreateObjectMapping: 0.090300 ms MarkObjects: 3.760400 ms  DeleteObjects: 0.073900 ms)

AssetImportParameters requested are different than current active one (requested -> active):
  custom:framework-win-MediaFoundation: 216162199b28c13a410421893ffa2e32 -> 
  custom:video-decoder-ogg-theora: a1e56fd34408186e4bbccfd4996cb3dc -> 
  custom:container-muxer-webm: aa71ff27fc2769a1b78a27578f13a17b -> 
  custom:container-demuxer-webm: 4f35f7cbe854078d1ac9338744f61a02 -> 
  custom:container-demuxer-ogg: 62fdf1f143b41e24485cea50d1cbac27 -> 
  custom:video-encoder-webm-vp8: eb34c28f22e8b96e1ab97ce403110664 -> 
  custom:video-codec-MediaFoundation-h265: 746d11721c4dcdbdad8f713fa42b33f4 -> 
  custom:video-decoder-webm-vp8: 9c59270c3fd7afecdb556c50c9e8de78 -> 
  custom:audio-decoder-ogg-vorbis: bf7c407c2cedff20999df2af8eb42d56 -> 
  custom:audio-encoder-webm-vorbis: bf7c407c2cedff20999df2af8eb42d56 -> 
========================================================================
Received Import Request.
  path: Assets/Tilemap/Tiles/MainLev2.0_23.asset
  artifactKey: Guid(5fe5673a6008b9c4fb3ff05b6de7bc98) Importer(815301076,1909f56bfc062723c751e8b465ee728b)
Start importing Assets/Tilemap/Tiles/MainLev2.0_23.asset using Guid(5fe5673a6008b9c4fb3ff05b6de7bc98) Importer(815301076,1909f56bfc062723c751e8b465ee728b)  -> (artifact id: '6f360f7efa7e635678aba125df1791e5') in 0.196715 seconds 
  Import took 0.203308 seconds .

========================================================================
Received Import Request.
  Time since last request: 0.000385 seconds.
  path: Assets/Tilemap/Tiles/MainLev2.0_3.asset
  artifactKey: Guid(119ededa43eeb834eaf38ceda711f077) Importer(815301076,1909f56bfc062723c751e8b465ee728b)
Start importing Assets/Tilemap/Tiles/MainLev2.0_3.asset using Guid(119ededa43eeb834eaf38ceda711f077) Importer(815301076,1909f56bfc062723c751e8b465ee728b)  -> (artifact id: '0c45b95698763689dfb66df723fc9b2c') in 0.027994 seconds 
  Import took 0.034121 seconds .

========================================================================
Received Import Request.
  Time since last request: 0.000218 seconds.
  path: Assets/Tilemap/Tiles/MainLev2.0_25.asset
  artifactKey: Guid(fb8f4136edc649b4da6001dd5acf937b) Importer(815301076,1909f56bfc062723c751e8b465ee728b)
Start importing Assets/Tilemap/Tiles/MainLev2.0_25.asset using Guid(fb8f4136edc649b4da6001dd5acf937b) Importer(815301076,1909f56bfc062723c751e8b465ee728b)  -> (artifact id: '9a580a152eec45bf2077f16956d2fe56') in 0.029426 seconds 
  Import took 0.035753 seconds .

========================================================================
Received Import Request.
  Time since last request: 0.000313 seconds.
  path: Assets/Tilemap/Tiles
  artifactKey: Guid(7f86acda15a2cc84bb1aed99c836cdf2) Importer(815301076,1909f56bfc062723c751e8b465ee728b)
Start importing Assets/Tilemap/Tiles using Guid(7f86acda15a2cc84bb1aed99c836cdf2) Importer(815301076,1909f56bfc062723c751e8b465ee728b)  -> (artifact id: 'be2b79f0180c61836d3c0a281eca5dbe') in 0.006962 seconds 
  Import took 0.012895 seconds .

========================================================================
Received Import Request.
  Time since last request: 0.000276 seconds.
  path: Assets/Tilemap/Tiles/MainLev2.0_5.asset
  artifactKey: Guid(2e6b9ceb1d09a3c4c81f072521361ade) Importer(815301076,1909f56bfc062723c751e8b465ee728b)
Start importing Assets/Tilemap/Tiles/MainLev2.0_5.asset using Guid(2e6b9ceb1d09a3c4c81f072521361ade) Importer(815301076,1909f56bfc062723c751e8b465ee728b)  -> (artifact id: '1197ac29bdda67c917f759f93fe47cd6') in 0.031209 seconds 
  Import took 0.038481 seconds .

========================================================================
Received Import Request.
  Time since last request: 0.000314 seconds.
  path: Assets/Tilemap/Tiles/MainLev2.0_1.asset
  artifactKey: Guid(e093c17fafcc4e64b914c63e9302737f) Importer(815301076,1909f56bfc062723c751e8b465ee728b)
Start importing Assets/Tilemap/Tiles/MainLev2.0_1.asset using Guid(e093c17fafcc4e64b914c63e9302737f) Importer(815301076,1909f56bfc062723c751e8b465ee728b)  -> (artifact id: '532896d383cc91ce81086d8bde0af6b0') in 0.018555 seconds 
  Import took 0.024938 seconds .

========================================================================
Received Import Request.
  Time since last request: 0.000203 seconds.
  path: Assets/Tilemap/Tiles/MainLev2.0_22.asset
  artifactKey: Guid(9e0b4261928e3c84b980f9e7dd1de8a9) Importer(815301076,1909f56bfc062723c751e8b465ee728b)
Start importing Assets/Tilemap/Tiles/MainLev2.0_22.asset using Guid(9e0b4261928e3c84b980f9e7dd1de8a9) Importer(815301076,1909f56bfc062723c751e8b465ee728b)  -> (artifact id: '872cc645e20a0762a1906e016d5584c0') in 0.019486 seconds 
  Import took 0.026846 seconds .

========================================================================
Received Import Request.
  Time since last request: 0.000246 seconds.
  path: Assets/Tilemap/Tiles/MainLev2.0_27.asset
  artifactKey: Guid(002bb96e6b9c7f94f8d63063b4fd0bb8) Importer(815301076,1909f56bfc062723c751e8b465ee728b)
Start importing Assets/Tilemap/Tiles/MainLev2.0_27.asset using Guid(002bb96e6b9c7f94f8d63063b4fd0bb8) Importer(815301076,1909f56bfc062723c751e8b465ee728b)  -> (artifact id: 'f206502337e2513ab1af3865db0af8d3') in 0.019298 seconds 
  Import took 0.026708 seconds .

========================================================================
Received Import Request.
  Time since last request: 0.000240 seconds.
  path: Assets/Tilemap/Tiles/MainLev2.0_8.asset
  artifactKey: Guid(9e063866cb7ad2a49bc3515bed3402ac) Importer(815301076,1909f56bfc062723c751e8b465ee728b)
Start importing Assets/Tilemap/Tiles/MainLev2.0_8.asset using Guid(9e063866cb7ad2a49bc3515bed3402ac) Importer(815301076,1909f56bfc062723c751e8b465ee728b)  -> (artifact id: '475899e69ba63bcb348aa66c6f03a440') in 0.018716 seconds 
  Import took 0.025107 seconds .

========================================================================
Received Import Request.
  Time since last request: 0.000279 seconds.
  path: Assets/Tilemap/Tiles/MainLev2.0_4.asset
  artifactKey: Guid(5e142be4ee2ecea4db8b61810c1bae57) Importer(815301076,1909f56bfc062723c751e8b465ee728b)
Start importing Assets/Tilemap/Tiles/MainLev2.0_4.asset using Guid(5e142be4ee2ecea4db8b61810c1bae57) Importer(815301076,1909f56bfc062723c751e8b465ee728b)  -> (artifact id: '7ef388c3b6d1f2084de76102a4b973a8') in 0.018175 seconds 
  Import took 0.024360 seconds .

========================================================================
Received Import Request.
  Time since last request: 0.000260 seconds.
  path: Assets/Tilemap/Tiles/MainLev2.0_15.asset
  artifactKey: Guid(07220fde02ad7664fbdc4b4eb2dfc20b) Importer(815301076,1909f56bfc062723c751e8b465ee728b)
Start importing Assets/Tilemap/Tiles/MainLev2.0_15.asset using Guid(07220fde02ad7664fbdc4b4eb2dfc20b) Importer(815301076,1909f56bfc062723c751e8b465ee728b)  -> (artifact id: '4bd89ec9f647589cb132042ed6b94383') in 0.018674 seconds 
  Import took 0.025268 seconds .

========================================================================
Received Import Request.
  Time since last request: 0.000227 seconds.
  path: Assets/Tilemap/Tiles/MainLev2.0_6.asset
  artifactKey: Guid(6b623bfc5dd0b464fb921a179834e8e8) Importer(815301076,1909f56bfc062723c751e8b465ee728b)
Start importing Assets/Tilemap/Tiles/MainLev2.0_6.asset using Guid(6b623bfc5dd0b464fb921a179834e8e8) Importer(815301076,1909f56bfc062723c751e8b465ee728b)  -> (artifact id: '7b6afba738983743de50b86e1129482a') in 0.018671 seconds 
  Import took 0.025292 seconds .

========================================================================
Received Import Request.
  Time since last request: 0.000260 seconds.
  path: Assets/Tilemap/Tiles/MainLev2.0_19.asset
  artifactKey: Guid(c90affdeed17fd84fa8dd21c4d8b06ab) Importer(815301076,1909f56bfc062723c751e8b465ee728b)
Start importing Assets/Tilemap/Tiles/MainLev2.0_19.asset using Guid(c90affdeed17fd84fa8dd21c4d8b06ab) Importer(815301076,1909f56bfc062723c751e8b465ee728b)  -> (artifact id: 'f714ce07caf8f1261da4648f5d4feff6') in 0.019230 seconds 
  Import took 0.026370 seconds .

========================================================================
Received Import Request.
  Time since last request: 0.000283 seconds.
  path: Assets/Tilemap/Tiles/MainLev2.0_28.asset
  artifactKey: Guid(3734ae248baa6204bbedcb7a112e6a0e) Importer(815301076,1909f56bfc062723c751e8b465ee728b)
Start importing Assets/Tilemap/Tiles/MainLev2.0_28.asset using Guid(3734ae248baa6204bbedcb7a112e6a0e) Importer(815301076,1909f56bfc062723c751e8b465ee728b)  -> (artifact id: 'ed75b148df0259ccb9b8360415c8b334') in 0.022006 seconds 
  Import took 0.028963 seconds .

========================================================================
Received Import Request.
  Time since last request: 0.000252 seconds.
  path: Assets/Tilemap/Tiles/MainLev2.0_16.asset
  artifactKey: Guid(747a3b3dc60cd644d8b5608595a9523d) Importer(815301076,1909f56bfc062723c751e8b465ee728b)
Start importing Assets/Tilemap/Tiles/MainLev2.0_16.asset using Guid(747a3b3dc60cd644d8b5608595a9523d) Importer(815301076,1909f56bfc062723c751e8b465ee728b)  -> (artifact id: 'b8cd7cb122f26c9f8520b9e1f774bc78') in 0.020553 seconds 
  Import took 0.027372 seconds .

========================================================================
Received Import Request.
  Time since last request: 0.000261 seconds.
  path: Assets/Tilemap/Tiles/MainLev2.0_12.asset
  artifactKey: Guid(0c8bdb70dd3b2e240b86e1b3dc384393) Importer(815301076,1909f56bfc062723c751e8b465ee728b)
Start importing Assets/Tilemap/Tiles/MainLev2.0_12.asset using Guid(0c8bdb70dd3b2e240b86e1b3dc384393) Importer(815301076,1909f56bfc062723c751e8b465ee728b)  -> (artifact id: 'f41a0b67f10cbb62766a1f5d7514b465') in 0.019675 seconds 
  Import took 0.026556 seconds .

========================================================================
Received Import Request.
  Time since last request: 0.000269 seconds.
  path: Assets/Tilemap/Tiles/MainLev2.0_20.asset
  artifactKey: Guid(f1c7ac5fe58bf944897bf7ee0e33d54e) Importer(815301076,1909f56bfc062723c751e8b465ee728b)
Start importing Assets/Tilemap/Tiles/MainLev2.0_20.asset using Guid(f1c7ac5fe58bf944897bf7ee0e33d54e) Importer(815301076,1909f56bfc062723c751e8b465ee728b)  -> (artifact id: 'aeb7de8faa2b853178592ad4d2f0697f') in 0.019318 seconds 
  Import took 0.026838 seconds .

========================================================================
Received Import Request.
  Time since last request: 0.000359 seconds.
  path: Assets/Tilemap/Tiles/MainLev2.0_14.asset
  artifactKey: Guid(e7d49fee2156fed4fb89e13ccca2a49e) Importer(815301076,1909f56bfc062723c751e8b465ee728b)
Start importing Assets/Tilemap/Tiles/MainLev2.0_14.asset using Guid(e7d49fee2156fed4fb89e13ccca2a49e) Importer(815301076,1909f56bfc062723c751e8b465ee728b)  -> (artifact id: '31cfb03585d6c46048de12ce4ba926e6') in 0.019405 seconds 
  Import took 0.025883 seconds .

========================================================================
Received Import Request.
  Time since last request: 0.000301 seconds.
  path: Assets/Tilemap/Tiles/MainLev2.0_29.asset
  artifactKey: Guid(fe288b4fddf7e8942a56daea8a75053f) Importer(815301076,1909f56bfc062723c751e8b465ee728b)
Start importing Assets/Tilemap/Tiles/MainLev2.0_29.asset using Guid(fe288b4fddf7e8942a56daea8a75053f) Importer(815301076,1909f56bfc062723c751e8b465ee728b)  -> (artifact id: 'ee944928394ee2d1466dd8a858db6ed9') in 0.019719 seconds 
  Import took 0.026112 seconds .

========================================================================
Received Import Request.
  Time since last request: 0.000303 seconds.
  path: Assets/Tilemap/Tiles/MainLev2.0_7.asset
  artifactKey: Guid(fbf73c39902676b47bdddd6e9df2a3bf) Importer(815301076,1909f56bfc062723c751e8b465ee728b)
Start importing Assets/Tilemap/Tiles/MainLev2.0_7.asset using Guid(fbf73c39902676b47bdddd6e9df2a3bf) Importer(815301076,1909f56bfc062723c751e8b465ee728b)  -> (artifact id: '4f7d065ce2b68bb49cc97bde1689e618') in 0.019839 seconds 
  Import took 0.026557 seconds .

========================================================================
Received Import Request.
  Time since last request: 0.000211 seconds.
  path: Assets/Tilemap/Tiles/MainLev2.0_10.asset
  artifactKey: Guid(adacecf6941d5cb48be1b1d24241cc3c) Importer(815301076,1909f56bfc062723c751e8b465ee728b)
Start importing Assets/Tilemap/Tiles/MainLev2.0_10.asset using Guid(adacecf6941d5cb48be1b1d24241cc3c) Importer(815301076,1909f56bfc062723c751e8b465ee728b)  -> (artifact id: 'e79ad42e6d00109789989c8617916b63') in 0.020937 seconds 
  Import took 0.027491 seconds .

========================================================================
Received Import Request.
  Time since last request: 0.000194 seconds.
  path: Assets/Tilemap/Tiles/MainLev2.0_11.asset
  artifactKey: Guid(b6604ba8f9556ef4799af9b6a31f28d2) Importer(815301076,1909f56bfc062723c751e8b465ee728b)
Start importing Assets/Tilemap/Tiles/MainLev2.0_11.asset using Guid(b6604ba8f9556ef4799af9b6a31f28d2) Importer(815301076,1909f56bfc062723c751e8b465ee728b)  -> (artifact id: '12d757d152083386c7719896b95298df') in 0.019964 seconds 
  Import took 0.026499 seconds .

========================================================================
Received Import Request.
  Time since last request: 0.000220 seconds.
  path: Assets/Tilemap/Tiles/MainLev2.0_18.asset
  artifactKey: Guid(cbe9a9cd932dd0a458f5f024e5dedec7) Importer(815301076,1909f56bfc062723c751e8b465ee728b)
Start importing Assets/Tilemap/Tiles/MainLev2.0_18.asset using Guid(cbe9a9cd932dd0a458f5f024e5dedec7) Importer(815301076,1909f56bfc062723c751e8b465ee728b)  -> (artifact id: '22872a942ec6bd6cf10b9df10ba81bde') in 0.019931 seconds 
  Import took 0.026055 seconds .

========================================================================
Received Import Request.
  Time since last request: 0.000306 seconds.
  path: Assets/Tilemap/Tiles/MainLev2.0_26.asset
  artifactKey: Guid(0f2d555654d5e4543b0724ba171a9cb0) Importer(815301076,1909f56bfc062723c751e8b465ee728b)
Start importing Assets/Tilemap/Tiles/MainLev2.0_26.asset using Guid(0f2d555654d5e4543b0724ba171a9cb0) Importer(815301076,1909f56bfc062723c751e8b465ee728b)  -> (artifact id: '9dfe4c2fab4e279ed394482763820a9c') in 0.020424 seconds 
  Import took 0.026670 seconds .

========================================================================
Received Import Request.
  Time since last request: 0.000212 seconds.
  path: Assets/Tilemap/Tiles/MainLev2.0_21.asset
  artifactKey: Guid(1e4adf76c394b214eb55c7c2b4e2d999) Importer(815301076,1909f56bfc062723c751e8b465ee728b)
Start importing Assets/Tilemap/Tiles/MainLev2.0_21.asset using Guid(1e4adf76c394b214eb55c7c2b4e2d999) Importer(815301076,1909f56bfc062723c751e8b465ee728b)  -> (artifact id: '511f99fa4eeb86586fa3def7ce176bcb') in 0.020667 seconds 
  Import took 0.027136 seconds .

========================================================================
Received Import Request.
  Time since last request: 0.000246 seconds.
  path: Assets/Tilemap/Tiles/MainLev2.0_24.asset
  artifactKey: Guid(6b6badc3722cd114ba5ee1375c19f9c8) Importer(815301076,1909f56bfc062723c751e8b465ee728b)
Start importing Assets/Tilemap/Tiles/MainLev2.0_24.asset using Guid(6b6badc3722cd114ba5ee1375c19f9c8) Importer(815301076,1909f56bfc062723c751e8b465ee728b)  -> (artifact id: '4206ec67ff6ea0f42c2c94ceac5da4cd') in 0.019891 seconds 
  Import took 0.026705 seconds .

========================================================================
Received Import Request.
  Time since last request: 0.000218 seconds.
  path: Assets/Tilemap/Tiles/MainLev2.0_0.asset
  artifactKey: Guid(32803f691e503394aa7cd6c3a235955e) Importer(815301076,1909f56bfc062723c751e8b465ee728b)
Start importing Assets/Tilemap/Tiles/MainLev2.0_0.asset using Guid(32803f691e503394aa7cd6c3a235955e) Importer(815301076,1909f56bfc062723c751e8b465ee728b)  -> (artifact id: '186e1268276a76c53c144de7f6cfd4ca') in 0.020572 seconds 
  Import took 0.027104 seconds .

========================================================================
Received Import Request.
  Time since last request: 0.000206 seconds.
  path: Assets/Tilemap/Tiles/MainLev2.0_13.asset
  artifactKey: Guid(af271f8717389934185557ef9be14432) Importer(815301076,1909f56bfc062723c751e8b465ee728b)
Start importing Assets/Tilemap/Tiles/MainLev2.0_13.asset using Guid(af271f8717389934185557ef9be14432) Importer(815301076,1909f56bfc062723c751e8b465ee728b)  -> (artifact id: '606ea97b0d3c6b3ecbf4e624380de97d') in 0.019813 seconds 
  Import took 0.025835 seconds .

========================================================================
Received Import Request.
  Time since last request: 0.000256 seconds.
  path: Assets/Tilemap/Tiles/MainLev2.0_9.asset
  artifactKey: Guid(1e6106c9e8d4c0c4da85bd1c56f36c6e) Importer(815301076,1909f56bfc062723c751e8b465ee728b)
Start importing Assets/Tilemap/Tiles/MainLev2.0_9.asset using Guid(1e6106c9e8d4c0c4da85bd1c56f36c6e) Importer(815301076,1909f56bfc062723c751e8b465ee728b)  -> (artifact id: '2ed748dbe1a8be9b4374532d3d3f93ef') in 0.020188 seconds 
  Import took 0.026188 seconds .

========================================================================
Received Import Request.
  Time since last request: 0.000253 seconds.
  path: Assets/Tilemap/Tiles/CAVE.prefab
  artifactKey: Guid(64286981a3126f341be03895b508aabe) Importer(815301076,1909f56bfc062723c751e8b465ee728b)
Start importing Assets/Tilemap/Tiles/CAVE.prefab using Guid(64286981a3126f341be03895b508aabe) Importer(815301076,1909f56bfc062723c751e8b465ee728b)  -> (artifact id: 'b1fd256f54a40f92b6bed2e574c395d7') in 0.541336 seconds 
  Import took 0.567044 seconds .

========================================================================
Received Import Request.
  Time since last request: 0.000227 seconds.
  path: Assets/Tilemap/Tiles/MainLev2.0_2.asset
  artifactKey: Guid(500bf054ec973c641bc89cd9f2691821) Importer(815301076,1909f56bfc062723c751e8b465ee728b)
Start importing Assets/Tilemap/Tiles/MainLev2.0_2.asset using Guid(500bf054ec973c641bc89cd9f2691821) Importer(815301076,1909f56bfc062723c751e8b465ee728b)  -> (artifact id: 'e4b728297e045803a276f917a74d5019') in 0.019643 seconds 
  Import took 0.026174 seconds .

========================================================================
Received Import Request.
  Time since last request: 0.000212 seconds.
  path: Assets/Tilemap/Tiles/MainLev2.0_17.asset
  artifactKey: Guid(2114ff6ad5d82834fa7db5a0043adf82) Importer(815301076,1909f56bfc062723c751e8b465ee728b)
Start importing Assets/Tilemap/Tiles/MainLev2.0_17.asset using Guid(2114ff6ad5d82834fa7db5a0043adf82) Importer(815301076,1909f56bfc062723c751e8b465ee728b)  -> (artifact id: 'b9c548d41676547859017c3a538a52f0') in 0.020185 seconds 
  Import took 0.026516 seconds .

========================================================================
Received Import Request.
  Time since last request: 15.355221 seconds.
  path: Assets/Tilemap/Tiles/MainLev2.0_30.asset
  artifactKey: Guid(e912ae5998822f54ab3e6a8c4ef2bebb) Importer(815301076,1909f56bfc062723c751e8b465ee728b)
Start importing Assets/Tilemap/Tiles/MainLev2.0_30.asset using Guid(e912ae5998822f54ab3e6a8c4ef2bebb) Importer(815301076,1909f56bfc062723c751e8b465ee728b)  -> (artifact id: '9ed2bdbfb74942de75c32d337a10aa70') in 0.029496 seconds 
  Import took 0.036844 seconds .

========================================================================
Received Import Request.
  Time since last request: 0.000299 seconds.
  path: Assets/Tilemap/Tiles/MainLev2.0_33.asset
  artifactKey: Guid(7df95b4841ebf1e42b51e3f8903c5ee0) Importer(815301076,1909f56bfc062723c751e8b465ee728b)
Start importing Assets/Tilemap/Tiles/MainLev2.0_33.asset using Guid(7df95b4841ebf1e42b51e3f8903c5ee0) Importer(815301076,1909f56bfc062723c751e8b465ee728b)  -> (artifact id: '39c7892fcac7b859a633cffaa9ddeaee') in 0.025768 seconds 
  Import took 0.032339 seconds .

========================================================================
Received Import Request.
  Time since last request: 0.000238 seconds.
  path: Assets/Tilemap/Tiles/MainLev2.0_37.asset
  artifactKey: Guid(250c7102b8badfb41b78aed19ddd24e9) Importer(815301076,1909f56bfc062723c751e8b465ee728b)
Start importing Assets/Tilemap/Tiles/MainLev2.0_37.asset using Guid(250c7102b8badfb41b78aed19ddd24e9) Importer(815301076,1909f56bfc062723c751e8b465ee728b)  -> (artifact id: '848e6e6c2bc118541254e603cef6d4d1') in 0.025868 seconds 
  Import took 0.032120 seconds .

========================================================================
Received Import Request.
  Time since last request: 0.000320 seconds.
  path: Assets/Tilemap/Tiles/MainLev2.0_31.asset
  artifactKey: Guid(343f87f5fc17778429866002b54a1ead) Importer(815301076,1909f56bfc062723c751e8b465ee728b)
Start importing Assets/Tilemap/Tiles/MainLev2.0_31.asset using Guid(343f87f5fc17778429866002b54a1ead) Importer(815301076,1909f56bfc062723c751e8b465ee728b)  -> (artifact id: '45e837239877d360533fc679c155d6b9') in 0.025340 seconds 
  Import took 0.031975 seconds .

========================================================================
Received Import Request.
  Time since last request: 0.000254 seconds.
  path: Assets/Tilemap/Tiles/MainLev2.0_36.asset
  artifactKey: Guid(00daf0fb6a887a1479f5609bdd6c691f) Importer(815301076,1909f56bfc062723c751e8b465ee728b)
Start importing Assets/Tilemap/Tiles/MainLev2.0_36.asset using Guid(00daf0fb6a887a1479f5609bdd6c691f) Importer(815301076,1909f56bfc062723c751e8b465ee728b)  -> (artifact id: 'f0c18d5536618a540619ad6878a7c774') in 0.025891 seconds 
  Import took 0.032425 seconds .

========================================================================
Received Import Request.
  Time since last request: 0.000299 seconds.
  path: Assets/Tilemap/Tiles/MainLev2.0_38.asset
  artifactKey: Guid(62f489c537231cc4b84378473e33242b) Importer(815301076,1909f56bfc062723c751e8b465ee728b)
Start importing Assets/Tilemap/Tiles/MainLev2.0_38.asset using Guid(62f489c537231cc4b84378473e33242b) Importer(815301076,1909f56bfc062723c751e8b465ee728b)  -> (artifact id: 'c83d495168b67dd3126f17418ce58691') in 0.024203 seconds 
  Import took 0.030532 seconds .

========================================================================
Received Import Request.
  Time since last request: 0.000241 seconds.
  path: Assets/Tilemap/Tiles/MainLev2.0_35.asset
  artifactKey: Guid(a8daa533b16e9064e96a69dc821a8920) Importer(815301076,1909f56bfc062723c751e8b465ee728b)
Start importing Assets/Tilemap/Tiles/MainLev2.0_35.asset using Guid(a8daa533b16e9064e96a69dc821a8920) Importer(815301076,1909f56bfc062723c751e8b465ee728b)  -> (artifact id: '2daa0e17285cf9f977e013f9532e35ed') in 0.025085 seconds 
  Import took 0.031801 seconds .

========================================================================
Received Import Request.
  Time since last request: 0.000221 seconds.
  path: Assets/Tilemap/Tiles/MainLev2.0_39.asset
  artifactKey: Guid(17f8dce05e3d3cc4b84738b363b03ea2) Importer(815301076,1909f56bfc062723c751e8b465ee728b)
Start importing Assets/Tilemap/Tiles/MainLev2.0_39.asset using Guid(17f8dce05e3d3cc4b84738b363b03ea2) Importer(815301076,1909f56bfc062723c751e8b465ee728b)  -> (artifact id: '4deaa19b6deef9b0f42337fd97aa87b7') in 0.031673 seconds 
  Import took 0.037863 seconds .

========================================================================
Received Import Request.
  Time since last request: 0.000225 seconds.
  path: Assets/Tilemap/Tiles/MainLev2.0_32.asset
  artifactKey: Guid(8d25b8af089aeb84ab3ffb8e9aa59a57) Importer(815301076,1909f56bfc062723c751e8b465ee728b)
Start importing Assets/Tilemap/Tiles/MainLev2.0_32.asset using Guid(8d25b8af089aeb84ab3ffb8e9aa59a57) Importer(815301076,1909f56bfc062723c751e8b465ee728b)  -> (artifact id: 'd31c3a7292552e30bb458f5b0042fd4b') in 0.024546 seconds 
  Import took 0.031320 seconds .

========================================================================
Received Import Request.
  Time since last request: 0.000320 seconds.
  path: Assets/Tilemap/Tiles/MainLev2.0_34.asset
  artifactKey: Guid(b6384c89b15a85b46b6e1acb01e6b8d2) Importer(815301076,1909f56bfc062723c751e8b465ee728b)
Start importing Assets/Tilemap/Tiles/MainLev2.0_34.asset using Guid(b6384c89b15a85b46b6e1acb01e6b8d2) Importer(815301076,1909f56bfc062723c751e8b465ee728b)  -> (artifact id: '4104e7221fa2e275c4d087137be4c55c') in 0.026290 seconds 
  Import took 0.033055 seconds .

========================================================================
Received Import Request.
  Time since last request: 0.026680 seconds.
  path: Assets/Tilemap/Tiles/MainLev2.0_40.asset
  artifactKey: Guid(a4b7609731176924784d1f1f80fbd12c) Importer(815301076,1909f56bfc062723c751e8b465ee728b)
Start importing Assets/Tilemap/Tiles/MainLev2.0_40.asset using Guid(a4b7609731176924784d1f1f80fbd12c) Importer(815301076,1909f56bfc062723c751e8b465ee728b)  -> (artifact id: '819d04c800829d9b8ff14bb8893d0f30') in 0.022713 seconds 
  Import took 0.028684 seconds .

========================================================================
Received Import Request.
  Time since last request: 0.000220 seconds.
  path: Assets/Tilemap/Tiles/MainLev2.0_45.asset
  artifactKey: Guid(84fa7ea09349d9646baf8cc746107630) Importer(815301076,1909f56bfc062723c751e8b465ee728b)
Start importing Assets/Tilemap/Tiles/MainLev2.0_45.asset using Guid(84fa7ea09349d9646baf8cc746107630) Importer(815301076,1909f56bfc062723c751e8b465ee728b)  -> (artifact id: 'c013d8214ef9d1bc4fb2ac3ca4dc10f8') in 0.025096 seconds 
  Import took 0.030953 seconds .

========================================================================
Received Import Request.
  Time since last request: 0.000350 seconds.
  path: Assets/Tilemap/Tiles/MainLev2.0_58.asset
  artifactKey: Guid(ed0c4e0be476ba84aa0b4e5b93e08f6f) Importer(815301076,1909f56bfc062723c751e8b465ee728b)
Start importing Assets/Tilemap/Tiles/MainLev2.0_58.asset using Guid(ed0c4e0be476ba84aa0b4e5b93e08f6f) Importer(815301076,1909f56bfc062723c751e8b465ee728b)  -> (artifact id: '66b816fc09d5864d0bcfb224abefbf00') in 0.024972 seconds 
  Import took 0.031914 seconds .

========================================================================
Received Import Request.
  Time since last request: 0.000271 seconds.
  path: Assets/Tilemap/Tiles/MainLev2.0_57.asset
  artifactKey: Guid(3c51a6df40114e8479fee98bb9abc368) Importer(815301076,1909f56bfc062723c751e8b465ee728b)
Start importing Assets/Tilemap/Tiles/MainLev2.0_57.asset using Guid(3c51a6df40114e8479fee98bb9abc368) Importer(815301076,1909f56bfc062723c751e8b465ee728b)  -> (artifact id: '2e405f5b0eb6676f3c873798c3cbbba2') in 0.029665 seconds 
  Import took 0.035938 seconds .

========================================================================
Received Import Request.
  Time since last request: 0.000199 seconds.
  path: Assets/Tilemap/Tiles/MainLev2.0_53.asset
  artifactKey: Guid(4e2b53a142c501d47b94ec8c91a06a70) Importer(815301076,1909f56bfc062723c751e8b465ee728b)
Start importing Assets/Tilemap/Tiles/MainLev2.0_53.asset using Guid(4e2b53a142c501d47b94ec8c91a06a70) Importer(815301076,1909f56bfc062723c751e8b465ee728b)  -> (artifact id: '57e2099ff862f56a18e642fefb4f69cf') in 0.024085 seconds 
  Import took 0.031573 seconds .

========================================================================
Received Import Request.
  Time since last request: 0.000227 seconds.
  path: Assets/Tilemap/Tiles/MainLev2.0_51.asset
  artifactKey: Guid(bce504f5d9f4f2147ab7d6ce4165bafa) Importer(815301076,1909f56bfc062723c751e8b465ee728b)
Start importing Assets/Tilemap/Tiles/MainLev2.0_51.asset using Guid(bce504f5d9f4f2147ab7d6ce4165bafa) Importer(815301076,1909f56bfc062723c751e8b465ee728b)  -> (artifact id: 'a8fcdb83919367536dbaadbed2e93ccb') in 0.024763 seconds 
  Import took 0.030998 seconds .

========================================================================
Received Import Request.
  Time since last request: 0.000253 seconds.
  path: Assets/Tilemap/Tiles/MainLev2.0_56.asset
  artifactKey: Guid(36c282ff4d98b2c4580ace4ee2097277) Importer(815301076,1909f56bfc062723c751e8b465ee728b)
Start importing Assets/Tilemap/Tiles/MainLev2.0_56.asset using Guid(36c282ff4d98b2c4580ace4ee2097277) Importer(815301076,1909f56bfc062723c751e8b465ee728b)  -> (artifact id: 'b0751c0b19f7c4b0ef26f59ca09bc7ea') in 0.026945 seconds 
  Import took 0.033769 seconds .

========================================================================
Received Import Request.
  Time since last request: 0.000278 seconds.
  path: Assets/Tilemap/Tiles/MainLev2.0_52.asset
  artifactKey: Guid(2af630b894e78ff42af30bf1a218d43b) Importer(815301076,1909f56bfc062723c751e8b465ee728b)
Start importing Assets/Tilemap/Tiles/MainLev2.0_52.asset using Guid(2af630b894e78ff42af30bf1a218d43b) Importer(815301076,1909f56bfc062723c751e8b465ee728b)  -> (artifact id: '17a4375f2baf3d194dc6a080b5043229') in 0.029478 seconds 
  Import took 0.036429 seconds .

========================================================================
Received Import Request.
  Time since last request: 0.000287 seconds.
  path: Assets/Tilemap/Tiles/MainLev2.0_42.asset
  artifactKey: Guid(afd16b9692447bd4ab679d8f561ef4dc) Importer(815301076,1909f56bfc062723c751e8b465ee728b)
Start importing Assets/Tilemap/Tiles/MainLev2.0_42.asset using Guid(afd16b9692447bd4ab679d8f561ef4dc) Importer(815301076,1909f56bfc062723c751e8b465ee728b)  -> (artifact id: 'e2dd2fecae8930aee56d0062b37af381') in 0.025577 seconds 
  Import took 0.032443 seconds .

========================================================================
Received Import Request.
  Time since last request: 0.000258 seconds.
  path: Assets/Tilemap/Tiles/MainLev2.0_68.asset
  artifactKey: Guid(ce9991f96176f15468f8aaac723a7d46) Importer(815301076,1909f56bfc062723c751e8b465ee728b)
Start importing Assets/Tilemap/Tiles/MainLev2.0_68.asset using Guid(ce9991f96176f15468f8aaac723a7d46) Importer(815301076,1909f56bfc062723c751e8b465ee728b)  -> (artifact id: 'ab2c385289119908aec98b22de599218') in 0.029983 seconds 
  Import took 0.036620 seconds .

========================================================================
Received Import Request.
  Time since last request: 0.000215 seconds.
  path: Assets/Tilemap/Tiles/MainLev2.0_70.asset
  artifactKey: Guid(5ae2ed32952244a4e934008e5e17b2b3) Importer(815301076,1909f56bfc062723c751e8b465ee728b)
Start importing Assets/Tilemap/Tiles/MainLev2.0_70.asset using Guid(5ae2ed32952244a4e934008e5e17b2b3) Importer(815301076,1909f56bfc062723c751e8b465ee728b)  -> (artifact id: 'f01a5575919abfa83065e8176bca79b7') in 0.020915 seconds 
  Import took 0.027816 seconds .

========================================================================
Received Import Request.
  Time since last request: 0.000325 seconds.
  path: Assets/Tilemap/Tiles/MainLev2.0_79.asset
  artifactKey: Guid(cceaa04d87f450a4bb2e290eb0603c4d) Importer(815301076,1909f56bfc062723c751e8b465ee728b)
Start importing Assets/Tilemap/Tiles/MainLev2.0_79.asset using Guid(cceaa04d87f450a4bb2e290eb0603c4d) Importer(815301076,1909f56bfc062723c751e8b465ee728b)  -> (artifact id: 'a6fb2f2aaa9e91ec6d4c77c17d35fd9d') in 0.022172 seconds 
  Import took 0.028325 seconds .

========================================================================
Received Import Request.
  Time since last request: 0.000268 seconds.
  path: Assets/Tilemap/Tiles/MainLev2.0_60.asset
  artifactKey: Guid(eed78c95b87b11542a7474414971f18e) Importer(815301076,1909f56bfc062723c751e8b465ee728b)
Start importing Assets/Tilemap/Tiles/MainLev2.0_60.asset using Guid(eed78c95b87b11542a7474414971f18e) Importer(815301076,1909f56bfc062723c751e8b465ee728b)  -> (artifact id: 'a8447f3c87422fa0de3d25bff523113c') in 0.020861 seconds 
  Import took 0.027178 seconds .

========================================================================
Received Import Request.
  Time since last request: 0.000401 seconds.
  path: Assets/Tilemap/Tiles/MainLev2.0_61.asset
  artifactKey: Guid(118e92192e956fe47af6379d71244f52) Importer(815301076,1909f56bfc062723c751e8b465ee728b)
Start importing Assets/Tilemap/Tiles/MainLev2.0_61.asset using Guid(118e92192e956fe47af6379d71244f52) Importer(815301076,1909f56bfc062723c751e8b465ee728b)  -> (artifact id: 'e37edd281d9a4d23d16966bdb28cdeeb') in 0.021108 seconds 
  Import took 0.027274 seconds .

========================================================================
Received Import Request.
  Time since last request: 0.000217 seconds.
  path: Assets/Tilemap/Tiles/MainLev2.0_69.asset
  artifactKey: Guid(0d3a0daa91d37d64abc3b0e4b10bce84) Importer(815301076,1909f56bfc062723c751e8b465ee728b)
Start importing Assets/Tilemap/Tiles/MainLev2.0_69.asset using Guid(0d3a0daa91d37d64abc3b0e4b10bce84) Importer(815301076,1909f56bfc062723c751e8b465ee728b)  -> (artifact id: 'c64ba220137fca15e73c34862ad814ee') in 0.022868 seconds 
  Import took 0.028699 seconds .

========================================================================
Received Import Request.
  Time since last request: 0.000262 seconds.
  path: Assets/Tilemap/Tiles/MainLev2.0_66.asset
  artifactKey: Guid(e329dc9fc9dfef04ea814e5433ff916d) Importer(815301076,1909f56bfc062723c751e8b465ee728b)
Start importing Assets/Tilemap/Tiles/MainLev2.0_66.asset using Guid(e329dc9fc9dfef04ea814e5433ff916d) Importer(815301076,1909f56bfc062723c751e8b465ee728b)  -> (artifact id: 'bfe2bbde4f9d25b1664ac6aafe3a43dd') in 0.020772 seconds 
  Import took 0.027004 seconds .

========================================================================
Received Import Request.
  Time since last request: 0.000193 seconds.
  path: Assets/Tilemap/Tiles/MainLev2.0_65.asset
  artifactKey: Guid(de2433e1b89ed7b4c9cdfe1513ce6329) Importer(815301076,1909f56bfc062723c751e8b465ee728b)
Start importing Assets/Tilemap/Tiles/MainLev2.0_65.asset using Guid(de2433e1b89ed7b4c9cdfe1513ce6329) Importer(815301076,1909f56bfc062723c751e8b465ee728b)  -> (artifact id: '794159b771f0119b17345c74ee2b56ab') in 0.021639 seconds 
  Import took 0.027789 seconds .

========================================================================
Received Import Request.
  Time since last request: 0.000241 seconds.
  path: Assets/Tilemap/Tiles/MainLev2.0_73.asset
  artifactKey: Guid(955731fdd4d4ff744a59f4c446819c1d) Importer(815301076,1909f56bfc062723c751e8b465ee728b)
Start importing Assets/Tilemap/Tiles/MainLev2.0_73.asset using Guid(955731fdd4d4ff744a59f4c446819c1d) Importer(815301076,1909f56bfc062723c751e8b465ee728b)  -> (artifact id: '960eb4a4e64ff50dc5bd5e47277e36aa') in 0.020397 seconds 
  Import took 0.027673 seconds .

========================================================================
Received Import Request.
  Time since last request: 0.000198 seconds.
  path: Assets/Tilemap/Tiles/MainLev2.0_78.asset
  artifactKey: Guid(2d0b73001519178429407e639970df3b) Importer(815301076,1909f56bfc062723c751e8b465ee728b)
Start importing Assets/Tilemap/Tiles/MainLev2.0_78.asset using Guid(2d0b73001519178429407e639970df3b) Importer(815301076,1909f56bfc062723c751e8b465ee728b)  -> (artifact id: '0338eb1a8c3ae05418e5af14afa26ecd') in 0.020870 seconds 
  Import took 0.027164 seconds .

========================================================================
Received Import Request.
  Time since last request: 0.000242 seconds.
  path: Assets/Tilemap/Tiles/MainLev2.0_77.asset
  artifactKey: Guid(36aa7beb53c5a09419d7ed74015f4f81) Importer(815301076,1909f56bfc062723c751e8b465ee728b)
Start importing Assets/Tilemap/Tiles/MainLev2.0_77.asset using Guid(36aa7beb53c5a09419d7ed74015f4f81) Importer(815301076,1909f56bfc062723c751e8b465ee728b)  -> (artifact id: '19fc9cda4191f71ad63f8ddddf5ca32b') in 0.020875 seconds 
  Import took 0.027352 seconds .

========================================================================
Received Import Request.
  Time since last request: 0.000371 seconds.
  path: Assets/Tilemap/Tiles/MainLev2.0_75.asset
  artifactKey: Guid(3f9f69850ff136b41a9bb552ed8652ac) Importer(815301076,1909f56bfc062723c751e8b465ee728b)
Start importing Assets/Tilemap/Tiles/MainLev2.0_75.asset using Guid(3f9f69850ff136b41a9bb552ed8652ac) Importer(815301076,1909f56bfc062723c751e8b465ee728b)  -> (artifact id: 'ba04d912c1d7f68e8e9b092dfcd17b0d') in 0.021437 seconds 
  Import took 0.028614 seconds .

========================================================================
Received Import Request.
  Time since last request: 0.000320 seconds.
  path: Assets/Tilemap/Tiles/MainLev2.0_64.asset
  artifactKey: Guid(18a79b4d5b61dd943b0232618a20805b) Importer(815301076,1909f56bfc062723c751e8b465ee728b)
Start importing Assets/Tilemap/Tiles/MainLev2.0_64.asset using Guid(18a79b4d5b61dd943b0232618a20805b) Importer(815301076,1909f56bfc062723c751e8b465ee728b)  -> (artifact id: 'e4783ea16f93d95c8a51b28ec4727f14') in 0.021202 seconds 
  Import took 0.028315 seconds .

========================================================================
Received Import Request.
  Time since last request: 0.000233 seconds.
  path: Assets/Tilemap/Tiles/MainLev2.0_43.asset
  artifactKey: Guid(c94153007eab05a4fb9198fac7a9f22a) Importer(815301076,1909f56bfc062723c751e8b465ee728b)
Start importing Assets/Tilemap/Tiles/MainLev2.0_43.asset using Guid(c94153007eab05a4fb9198fac7a9f22a) Importer(815301076,1909f56bfc062723c751e8b465ee728b)  -> (artifact id: 'aac6aa408002527552765c473f531138') in 0.020858 seconds 
  Import took 0.026825 seconds .

========================================================================
Received Import Request.
  Time since last request: 0.000289 seconds.
  path: Assets/Tilemap/Tiles/MainLev2.0_71.asset
  artifactKey: Guid(4a61a732fc3b8fa4692f086d7e7adb30) Importer(815301076,1909f56bfc062723c751e8b465ee728b)
Start importing Assets/Tilemap/Tiles/MainLev2.0_71.asset using Guid(4a61a732fc3b8fa4692f086d7e7adb30) Importer(815301076,1909f56bfc062723c751e8b465ee728b)  -> (artifact id: '62e79dc94ca0532f153ea5acaa85ba11') in 0.020082 seconds 
  Import took 0.026752 seconds .

========================================================================
Received Import Request.
  Time since last request: 0.000188 seconds.
  path: Assets/Tilemap/Tiles/MainLev2.0_55.asset
  artifactKey: Guid(64adfde9b7b4bda4e897f1d0181194ab) Importer(815301076,1909f56bfc062723c751e8b465ee728b)
Start importing Assets/Tilemap/Tiles/MainLev2.0_55.asset using Guid(64adfde9b7b4bda4e897f1d0181194ab) Importer(815301076,1909f56bfc062723c751e8b465ee728b)  -> (artifact id: '8e5eb54aea007d9a4bdc34c1fb17d9d8') in 0.021347 seconds 
  Import took 0.027970 seconds .

========================================================================
Received Import Request.
  Time since last request: 0.000236 seconds.
  path: Assets/Tilemap/Tiles/MainLev2.0_46.asset
  artifactKey: Guid(4bbb82ab4271f964e82ba09e464e8ee9) Importer(815301076,1909f56bfc062723c751e8b465ee728b)
Start importing Assets/Tilemap/Tiles/MainLev2.0_46.asset using Guid(4bbb82ab4271f964e82ba09e464e8ee9) Importer(815301076,1909f56bfc062723c751e8b465ee728b)  -> (artifact id: '6758a3b1ea7c7453315a379574fa91b0') in 0.021416 seconds 
  Import took 0.027603 seconds .

========================================================================
Received Import Request.
  Time since last request: 0.000196 seconds.
  path: Assets/Tilemap/Tiles/MainLev2.0_47.asset
  artifactKey: Guid(5daa5e333ab44174abbfc08b8fb51b30) Importer(815301076,1909f56bfc062723c751e8b465ee728b)
Start importing Assets/Tilemap/Tiles/MainLev2.0_47.asset using Guid(5daa5e333ab44174abbfc08b8fb51b30) Importer(815301076,1909f56bfc062723c751e8b465ee728b)  -> (artifact id: '83a12ce24d53827235107bdd487ac3b6') in 0.021135 seconds 
  Import took 0.027188 seconds .

========================================================================
Received Import Request.
  Time since last request: 0.000196 seconds.
  path: Assets/Tilemap/Tiles/MainLev2.0_48.asset
  artifactKey: Guid(9d8b98a725b582a489f94c7cc277f258) Importer(815301076,1909f56bfc062723c751e8b465ee728b)
Start importing Assets/Tilemap/Tiles/MainLev2.0_48.asset using Guid(9d8b98a725b582a489f94c7cc277f258) Importer(815301076,1909f56bfc062723c751e8b465ee728b)  -> (artifact id: '5aed204994737503e6dce97f937c94d1') in 0.021217 seconds 
  Import took 0.027817 seconds .

========================================================================
Received Import Request.
  Time since last request: 0.000203 seconds.
  path: Assets/Tilemap/Tiles/MainLev2.0_50.asset
  artifactKey: Guid(83dd99cb79413174698ced41a2823779) Importer(815301076,1909f56bfc062723c751e8b465ee728b)
Start importing Assets/Tilemap/Tiles/MainLev2.0_50.asset using Guid(83dd99cb79413174698ced41a2823779) Importer(815301076,1909f56bfc062723c751e8b465ee728b)  -> (artifact id: '7dd9e4d6a8137d2e02f859e480c7ae75') in 0.021205 seconds 
  Import took 0.027697 seconds .

========================================================================
Received Import Request.
  Time since last request: 0.000226 seconds.
  path: Assets/Tilemap/Tiles/MainLev2.0_72.asset
  artifactKey: Guid(7aaf25d802e870e46b352202ea18e5f1) Importer(815301076,1909f56bfc062723c751e8b465ee728b)
Start importing Assets/Tilemap/Tiles/MainLev2.0_72.asset using Guid(7aaf25d802e870e46b352202ea18e5f1) Importer(815301076,1909f56bfc062723c751e8b465ee728b)  -> (artifact id: 'a25a195e7c637d900957f1656c1ccb1d') in 0.021750 seconds 
  Import took 0.028331 seconds .

========================================================================
Received Import Request.
  Time since last request: 0.000192 seconds.
  path: Assets/Tilemap/Tiles/MainLev2.0_49.asset
  artifactKey: Guid(4ffc94812da18a44c86e87fe3b900d9e) Importer(815301076,1909f56bfc062723c751e8b465ee728b)
Start importing Assets/Tilemap/Tiles/MainLev2.0_49.asset using Guid(4ffc94812da18a44c86e87fe3b900d9e) Importer(815301076,1909f56bfc062723c751e8b465ee728b)  -> (artifact id: '8ffc2318229de62658c5ad1429ceeb65') in 0.021714 seconds 
  Import took 0.027800 seconds .

========================================================================
Received Import Request.
  Time since last request: 0.000191 seconds.
  path: Assets/Tilemap/Tiles/MainLev2.0_59.asset
  artifactKey: Guid(64480260d301fdc42ae55d017480875f) Importer(815301076,1909f56bfc062723c751e8b465ee728b)
Start importing Assets/Tilemap/Tiles/MainLev2.0_59.asset using Guid(64480260d301fdc42ae55d017480875f) Importer(815301076,1909f56bfc062723c751e8b465ee728b)  -> (artifact id: 'fe29f918b47fe98141d71ba01892b554') in 0.023864 seconds 
  Import took 0.029984 seconds .

========================================================================
Received Import Request.
  Time since last request: 0.000266 seconds.
  path: Assets/Tilemap/Tiles/MainLev2.0_63.asset
  artifactKey: Guid(6124c7316ba53944ca028d22b0da00a5) Importer(815301076,1909f56bfc062723c751e8b465ee728b)
Start importing Assets/Tilemap/Tiles/MainLev2.0_63.asset using Guid(6124c7316ba53944ca028d22b0da00a5) Importer(815301076,1909f56bfc062723c751e8b465ee728b)  -> (artifact id: 'e4c1e451639ae055979d3667681f22c3') in 0.021521 seconds 
  Import took 0.027434 seconds .

========================================================================
Received Import Request.
  Time since last request: 0.000278 seconds.
  path: Assets/Tilemap/Tiles/MainLev2.0_41.asset
  artifactKey: Guid(7d557a8a21ec5ac48a1015f8bcdfcc07) Importer(815301076,1909f56bfc062723c751e8b465ee728b)
Start importing Assets/Tilemap/Tiles/MainLev2.0_41.asset using Guid(7d557a8a21ec5ac48a1015f8bcdfcc07) Importer(815301076,1909f56bfc062723c751e8b465ee728b)  -> (artifact id: '75d4ed687984beaca450ff34a33950cb') in 0.021763 seconds 
  Import took 0.028380 seconds .

========================================================================
Received Import Request.
  Time since last request: 0.000195 seconds.
  path: Assets/Tilemap/Tiles/MainLev2.0_62.asset
  artifactKey: Guid(dda86d58722f47d4f99e5b398ff4c01c) Importer(815301076,1909f56bfc062723c751e8b465ee728b)
Start importing Assets/Tilemap/Tiles/MainLev2.0_62.asset using Guid(dda86d58722f47d4f99e5b398ff4c01c) Importer(815301076,1909f56bfc062723c751e8b465ee728b)  -> (artifact id: '9e0e3eca12b8e3910c9e0cc2e2885c6d') in 0.021512 seconds 
  Import took 0.027640 seconds .

========================================================================
Received Import Request.
  Time since last request: 0.000199 seconds.
  path: Assets/Tilemap/Tiles/MainLev2.0_74.asset
  artifactKey: Guid(d96163925fa73754aa7c2f8ff7501afc) Importer(815301076,1909f56bfc062723c751e8b465ee728b)
Start importing Assets/Tilemap/Tiles/MainLev2.0_74.asset using Guid(d96163925fa73754aa7c2f8ff7501afc) Importer(815301076,1909f56bfc062723c751e8b465ee728b)  -> (artifact id: '185f52b76606047228e6af4317f32765') in 0.022684 seconds 
  Import took 0.028976 seconds .

========================================================================
Received Import Request.
  Time since last request: 0.000238 seconds.
  path: Assets/Tilemap/Tiles/MainLev2.0_44.asset
  artifactKey: Guid(d41f35d0e09f0a24695b3b17cfd97be7) Importer(815301076,1909f56bfc062723c751e8b465ee728b)
Start importing Assets/Tilemap/Tiles/MainLev2.0_44.asset using Guid(d41f35d0e09f0a24695b3b17cfd97be7) Importer(815301076,1909f56bfc062723c751e8b465ee728b)  -> (artifact id: 'c2a1cff50c89ad7ecb484553074c12ed') in 0.022085 seconds 
  Import took 0.027997 seconds .

========================================================================
Received Import Request.
  Time since last request: 0.000288 seconds.
  path: Assets/Tilemap/Tiles/MainLev2.0_54.asset
  artifactKey: Guid(d7b78789e5b4ac54fa0697360dd09c97) Importer(815301076,1909f56bfc062723c751e8b465ee728b)
Start importing Assets/Tilemap/Tiles/MainLev2.0_54.asset using Guid(d7b78789e5b4ac54fa0697360dd09c97) Importer(815301076,1909f56bfc062723c751e8b465ee728b)  -> (artifact id: 'ace5e016c7db45ea4e088f0cf47e23c2') in 0.023180 seconds 
  Import took 0.029889 seconds .

========================================================================
Received Import Request.
  Time since last request: 0.000244 seconds.
  path: Assets/Tilemap/Tiles/MainLev2.0_76.asset
  artifactKey: Guid(83fa5a2a91a52ed4eb015ec485fda397) Importer(815301076,1909f56bfc062723c751e8b465ee728b)
Start importing Assets/Tilemap/Tiles/MainLev2.0_76.asset using Guid(83fa5a2a91a52ed4eb015ec485fda397) Importer(815301076,1909f56bfc062723c751e8b465ee728b)  -> (artifact id: 'bb8836b9ee14ae345909234932cbb496') in 0.024018 seconds 
  Import took 0.030353 seconds .

========================================================================
Received Import Request.
  Time since last request: 0.000226 seconds.
  path: Assets/Tilemap/Tiles/MainLev2.0_67.asset
  artifactKey: Guid(aa05d0dab145659449b25ff3d22f83f8) Importer(815301076,1909f56bfc062723c751e8b465ee728b)
Start importing Assets/Tilemap/Tiles/MainLev2.0_67.asset using Guid(aa05d0dab145659449b25ff3d22f83f8) Importer(815301076,1909f56bfc062723c751e8b465ee728b)  -> (artifact id: '13fbfdbbf28aefcfb8253db1ce984a53') in 0.023322 seconds 
  Import took 0.030457 seconds .

========================================================================
Received Import Request.
  Time since last request: 87.532233 seconds.
  path: Assets/mine tile set 1/Painterly Tileset Mine.psd
  artifactKey: Guid(ac235684dcb14de4080b2c6e7bebbea5) Importer(815301076,1909f56bfc062723c751e8b465ee728b)
Start importing Assets/mine tile set 1/Painterly Tileset Mine.psd using Guid(ac235684dcb14de4080b2c6e7bebbea5) Importer(815301076,1909f56bfc062723c751e8b465ee728b)  -> (artifact id: 'f588e475caebea8a4794284179c06ab1') in 0.159935 seconds 
  Import took 0.165834 seconds .

========================================================================
Received Import Request.
  Time since last request: 3.148292 seconds.
  path: Assets/mine tile set/Painterly Tileset Mine.psd
  artifactKey: Guid(3dc3d587c0ed5834bb5eb6f0c7a72aa5) Importer(815301076,1909f56bfc062723c751e8b465ee728b)
Start importing Assets/mine tile set/Painterly Tileset Mine.psd using Guid(3dc3d587c0ed5834bb5eb6f0c7a72aa5) Importer(815301076,1909f56bfc062723c751e8b465ee728b)  -> (artifact id: '47ba98f7939e14b165cb0c5c1f3cbbc1') in 0.023801 seconds 
  Import took 0.029685 seconds .

========================================================================
Received Import Request.
  Time since last request: 8.017686 seconds.
  path: Assets/mine tile set/Update 1.2
  artifactKey: Guid(924f97d519840244c94de3384054a058) Importer(815301076,1909f56bfc062723c751e8b465ee728b)
Start importing Assets/mine tile set/Update 1.2 using Guid(924f97d519840244c94de3384054a058) Importer(815301076,1909f56bfc062723c751e8b465ee728b)  -> (artifact id: '06185ce9ebeff94e63a618837f039f44') in 0.007266 seconds 
  Import took 0.012553 seconds .

========================================================================
Received Import Request.
  Time since last request: 0.417579 seconds.
  path: Assets/mine tile set/128x128
  artifactKey: Guid(1875153546976864fb63dbe072241081) Importer(815301076,1909f56bfc062723c751e8b465ee728b)
Start importing Assets/mine tile set/128x128 using Guid(1875153546976864fb63dbe072241081) Importer(815301076,1909f56bfc062723c751e8b465ee728b)  -> (artifact id: '525f0dc644a34aa434128821ea61d047') in 0.006629 seconds 
  Import took 0.012630 seconds .

========================================================================
Received Import Request.
  Time since last request: 0.232203 seconds.
  path: Assets/mine tile set/128x128/Mine Ice@128x128.png
  artifactKey: Guid(d520e6f392256ea4e824ac2d55374fcf) Importer(815301076,1909f56bfc062723c751e8b465ee728b)
Start importing Assets/mine tile set/128x128/Mine Ice@128x128.png using Guid(d520e6f392256ea4e824ac2d55374fcf) Importer(815301076,1909f56bfc062723c751e8b465ee728b)  -> (artifact id: '6ee2d97c15b45abc0068237b5550339c') in 0.066255 seconds 
  Import took 0.072701 seconds .

========================================================================
Received Import Request.
  Time since last request: 0.000265 seconds.
  path: Assets/mine tile set/128x128/Shadows@128x128.png
  artifactKey: Guid(4c4fbf6790e52784bb10ea46ca7530ec) Importer(815301076,1909f56bfc062723c751e8b465ee728b)
Start importing Assets/mine tile set/128x128/Shadows@128x128.png using Guid(4c4fbf6790e52784bb10ea46ca7530ec) Importer(815301076,1909f56bfc062723c751e8b465ee728b)  -> (artifact id: '3d05e54a33037100f560496096bd13f5') in 0.020315 seconds 
  Import took 0.026123 seconds .

========================================================================
Received Import Request.
  Time since last request: 0.000283 seconds.
  path: Assets/mine tile set/128x128/Mine@128x128.png
  artifactKey: Guid(0c397619f3fe50a4391758cf71be4e37) Importer(815301076,1909f56bfc062723c751e8b465ee728b)
Start importing Assets/mine tile set/128x128/Mine@128x128.png using Guid(0c397619f3fe50a4391758cf71be4e37) Importer(815301076,1909f56bfc062723c751e8b465ee728b)  -> (artifact id: 'daab630369c9b281f75c95b28810850f') in 0.029404 seconds 
  Import took 0.035468 seconds .

========================================================================
Received Import Request.
  Time since last request: 0.000205 seconds.
  path: Assets/mine tile set/128x128/MineColor3@128x128.png
  artifactKey: Guid(234f85c806d36304c8407f52e8920bc1) Importer(815301076,1909f56bfc062723c751e8b465ee728b)
Start importing Assets/mine tile set/128x128/MineColor3@128x128.png using Guid(234f85c806d36304c8407f52e8920bc1) Importer(815301076,1909f56bfc062723c751e8b465ee728b)  -> (artifact id: '2e5fb737cd480a486a39eb18d7405e76') in 0.022388 seconds 
  Import took 0.027860 seconds .

========================================================================
Received Import Request.
  Time since last request: 0.000320 seconds.
  path: Assets/mine tile set/128x128/MineColor2@128x128.png
  artifactKey: Guid(91cef7df192e4c74da60670abc24ec06) Importer(815301076,1909f56bfc062723c751e8b465ee728b)
Start importing Assets/mine tile set/128x128/MineColor2@128x128.png using Guid(91cef7df192e4c74da60670abc24ec06) Importer(815301076,1909f56bfc062723c751e8b465ee728b)  -> (artifact id: 'e499207a19ac86691622141589d0dabe') in 0.023092 seconds 
  Import took 0.028462 seconds .

========================================================================
Received Import Request.
  Time since last request: 12.730376 seconds.
  path: Assets/mine tile set/128x128/Mine@128x128.png
  artifactKey: Guid(0c397619f3fe50a4391758cf71be4e37) Importer(815301076,1909f56bfc062723c751e8b465ee728b)
Start importing Assets/mine tile set/128x128/Mine@128x128.png using Guid(0c397619f3fe50a4391758cf71be4e37) Importer(815301076,1909f56bfc062723c751e8b465ee728b)  -> (artifact id: '978752ae5de1c2761b7510608d84fe51') in 0.017941 seconds 
  Import took 0.024252 seconds .

========================================================================
Received Import Request.
  Time since last request: 35.228102 seconds.
  path: Assets/mine tile set/128x128/Mine@128x128.png
  artifactKey: Guid(0c397619f3fe50a4391758cf71be4e37) Importer(815301076,1909f56bfc062723c751e8b465ee728b)
Start importing Assets/mine tile set/128x128/Mine@128x128.png using Guid(0c397619f3fe50a4391758cf71be4e37) Importer(815301076,1909f56bfc062723c751e8b465ee728b)  -> (artifact id: 'aca39c03c2f28353ffab0a90f03227ff') in 1.105982 seconds 
  Import took 1.113991 seconds .

AssetImportWorkerClient::OnTransportError - code=2 error=End of file
